<?xml version="1.0" encoding="UTF-8"?>
<!-- Generated by org.testng.reporters.JUnitXMLReporter -->
<testsuite ignored="8" hostname="PT264LT" failures="0" tests="1" name="Default test" time="12.348" errors="0" timestamp="2024-06-06T19:33:31 IST">
  <testcase classname="ui.Automation" name="RemoveFromCart" time="6.441"/>
  <testcase classname="ui.Automation" name="Finish" time="0.0">
    <ignored/>
  </testcase> <!-- Finish -->
  <testcase classname="ui.Automation" name="Sorting" time="0.0">
    <ignored/>
  </testcase> <!-- Sorting -->
  <testcase classname="ui.Automation" name="ProductDeatil" time="0.0">
    <ignored/>
  </testcase> <!-- ProductDeatil -->
  <testcase classname="ui.Automation" name="Checkout" time="0.0">
    <ignored/>
  </testcase> <!-- Checkout -->
  <testcase classname="ui.Automation" name="CheckCartItems" time="0.0">
    <ignored/>
  </testcase> <!-- CheckCartItems -->
  <testcase classname="ui.Automation" name="HambergerOperations" time="0.0">
    <ignored/>
  </testcase> <!-- HambergerOperations -->
  <testcase classname="ui.Automation" name="TitleCheck" time="0.0">
    <ignored/>
  </testcase> <!-- TitleCheck -->
  <testcase classname="ui.Automation" name="AddtoCart" time="0.0">
    <ignored/>
  </testcase> <!-- AddtoCart -->
</testsuite> <!-- Default test -->
