<?xml version="1.0" encoding="UTF-8"?>
<testng-results ignored="0" total="1" passed="1" failed="0" skipped="0">
  <reporter-output>
  </reporter-output>
  <suite started-at="2024-06-06T19:33:19 IST" name="Default suite" finished-at="2024-06-06T19:33:31 IST" duration-ms="12348">
    <groups>
    </groups>
    <test started-at="2024-06-06T19:33:19 IST" name="Default test" finished-at="2024-06-06T19:33:31 IST" duration-ms="12348">
      <class name="ui.Automation">
        <test-method is-config="true" signature="LoginInApp()[pri:0, instance:ui.Automation@72cc7e6f]" started-at="2024-06-06T19:33:19 IST" name="LoginInApp" finished-at="2024-06-06T19:33:24 IST" duration-ms="5867" status="PASS">
          <reporter-output>
          </reporter-output>
        </test-method> <!-- LoginInApp -->
        <test-method signature="RemoveFromCart()[pri:0, instance:ui.Automation@72cc7e6f]" started-at="2024-06-06T19:33:24 IST" name="RemoveFromCart" finished-at="2024-06-06T19:33:31 IST" duration-ms="6441" status="PASS">
          <reporter-output>
          </reporter-output>
        </test-method> <!-- RemoveFromCart -->
      </class> <!-- ui.Automation -->
    </test> <!-- Default test -->
  </suite> <!-- Default suite -->
</testng-results>
